Using pre-set license
Built from '2020.3/release' branch; Version is '2020.3.27f1 (e759542391ea) revision 15161684'; Using compiler version '192528614'; Build Type 'Release'
OS: 'Windows 11  (10.0.22000) 64bit CoreSingleLanguage' Language: 'pt' Physical Memory: 5996 MB
BatchMode: 1, IsHumanControllingUs: 0, StartBugReporterOnCrash: 0, Is64bit: 1, IsPro: 0

COMMAND LINE ARGUMENTS:
C:\Program Files\Unity\Hub\Editor\2020.3.27f1\Editor\Unity.exe
-adb2
-batchMode
-noUpm
-name
AssetImportWorker0
-projectPath
C:/Users/eduar/AC2-FABRICA-DE-PROJETO-2022-1SEMESTRE
-logFile
Logs/AssetImportWorker0.log
-srvPort
55017
Successfully changed project path to: C:/Users/eduar/AC2-FABRICA-DE-PROJETO-2022-1SEMESTRE
C:/Users/eduar/AC2-FABRICA-DE-PROJETO-2022-1SEMESTRE
Using Asset Import Pipeline V2.
Refreshing native plugins compatible for Editor in 40.42 ms, found 2 plugins.
Preloading 0 native plugins for Editor in 0.00 ms.
Initialize engine version: 2020.3.27f1 (e759542391ea)
[Subsystems] Discovering subsystems at path C:/Program Files/Unity/Hub/Editor/2020.3.27f1/Editor/Data/Resources/UnitySubsystems
[Subsystems] Discovering subsystems at path C:/Users/eduar/AC2-FABRICA-DE-PROJETO-2022-1SEMESTRE/Assets
GfxDevice: creating device client; threaded=0
Direct3D:
    Version:  Direct3D 11.0 [level 11.1]
    Renderer: NVIDIA GeForce GTX 1650 (ID=0x1f9d)
    Vendor:   
    VRAM:     3965 MB
    Driver:   30.0.15.1277
Initialize mono
Mono path[0] = 'C:/Program Files/Unity/Hub/Editor/2020.3.27f1/Editor/Data/Managed'
Mono path[1] = 'C:/Program Files/Unity/Hub/Editor/2020.3.27f1/Editor/Data/MonoBleedingEdge/lib/mono/unityjit'
Mono config path = 'C:/Program Files/Unity/Hub/Editor/2020.3.27f1/Editor/Data/MonoBleedingEdge/etc'
Using monoOptions --debugger-agent=transport=dt_socket,embedding=1,server=y,suspend=n,address=127.0.0.1:56568
Begin MonoManager ReloadAssembly
Registering precompiled unity dll's ...
Register platform support module: C:/Program Files/Unity/Hub/Editor/2020.3.27f1/Editor/Data/PlaybackEngines/WindowsStandaloneSupport/UnityEditor.WindowsStandalone.Extensions.dll
Registered in 0.002293 seconds.
Native extension for WindowsStandalone target not found
Refreshing native plugins compatible for Editor in 24.75 ms, found 2 plugins.
Preloading 0 native plugins for Editor in 0.00 ms.
Mono: successfully reloaded assembly
- Completed reload, in  0.479 seconds
Domain Reload Profiling:
	ReloadAssembly (479ms)
		BeginReloadAssembly (75ms)
			ExecutionOrderSort (0ms)
			DisableScriptedObjects (0ms)
			BackupInstance (0ms)
			ReleaseScriptingObjects (0ms)
			CreateAndSetChildDomain (1ms)
		EndReloadAssembly (343ms)
			LoadAssemblies (73ms)
			RebuildTransferFunctionScriptingTraits (0ms)
			SetupTypeCache (108ms)
			ReleaseScriptCaches (0ms)
			RebuildScriptCaches (21ms)
			SetupLoadedEditorAssemblies (128ms)
				LogAssemblyErrors (0ms)
				InitializePlatformSupportModulesInManaged (4ms)
				SetLoadedEditorAssemblies (0ms)
				RefreshPlugins (25ms)
				BeforeProcessingInitializeOnLoad (13ms)
				ProcessInitializeOnLoadAttributes (62ms)
				ProcessInitializeOnLoadMethodAttributes (23ms)
				AfterProcessingInitializeOnLoad (0ms)
				EditorAssembliesLoaded (0ms)
			ExecutionOrderSort2 (0ms)
			AwakeInstancesAfterBackupRestoration (0ms)
Platform modules already initialized, skipping
Registering precompiled user dll's ...
Registered in 0.008858 seconds.
Begin MonoManager ReloadAssembly
Native extension for WindowsStandalone target not found
Refreshing native plugins compatible for Editor in 0.36 ms, found 2 plugins.
Preloading 0 native plugins for Editor in 0.00 ms.
Mono: successfully reloaded assembly
- Completed reload, in  0.773 seconds
Domain Reload Profiling:
	ReloadAssembly (774ms)
		BeginReloadAssembly (109ms)
			ExecutionOrderSort (0ms)
			DisableScriptedObjects (4ms)
			BackupInstance (0ms)
			ReleaseScriptingObjects (0ms)
			CreateAndSetChildDomain (18ms)
		EndReloadAssembly (622ms)
			LoadAssemblies (85ms)
			RebuildTransferFunctionScriptingTraits (0ms)
			SetupTypeCache (195ms)
			ReleaseScriptCaches (0ms)
			RebuildScriptCaches (27ms)
			SetupLoadedEditorAssemblies (263ms)
				LogAssemblyErrors (0ms)
				InitializePlatformSupportModulesInManaged (3ms)
				SetLoadedEditorAssemblies (0ms)
				RefreshPlugins (0ms)
				BeforeProcessingInitializeOnLoad (78ms)
				ProcessInitializeOnLoadAttributes (168ms)
				ProcessInitializeOnLoadMethodAttributes (8ms)
				AfterProcessingInitializeOnLoad (4ms)
				EditorAssembliesLoaded (0ms)
			ExecutionOrderSort2 (0ms)
			AwakeInstancesAfterBackupRestoration (5ms)
Platform modules already initialized, skipping
========================================================================
Worker process is ready to serve import requests
Launched and connected shader compiler UnityShaderCompiler.exe after 0.05 seconds
Refreshing native plugins compatible for Editor in 0.36 ms, found 2 plugins.
Preloading 0 native plugins for Editor in 0.00 ms.
Unloading 1503 Unused Serialized files (Serialized files now loaded: 0)
System memory in use before: 75.0 MB.
System memory in use after: 75.0 MB.

Unloading 19 unused Assets to reduce memory usage. Loaded Objects now: 1951.
Total: 2.375800 ms (FindLiveObjects: 0.108900 ms CreateObjectMapping: 0.037800 ms MarkObjects: 2.170300 ms  DeleteObjects: 0.058000 ms)

AssetImportParameters requested are different than current active one (requested -> active):
  custom:framework-win-MediaFoundation: 216162199b28c13a410421893ffa2e32 -> 
  custom:video-decoder-ogg-theora: a1e56fd34408186e4bbccfd4996cb3dc -> 
  custom:container-muxer-webm: aa71ff27fc2769a1b78a27578f13a17b -> 
  custom:container-demuxer-webm: 4f35f7cbe854078d1ac9338744f61a02 -> 
  custom:container-demuxer-ogg: 62fdf1f143b41e24485cea50d1cbac27 -> 
  custom:video-encoder-webm-vp8: eb34c28f22e8b96e1ab97ce403110664 -> 
  custom:video-codec-MediaFoundation-h265: 746d11721c4dcdbdad8f713fa42b33f4 -> 
  custom:video-decoder-webm-vp8: 9c59270c3fd7afecdb556c50c9e8de78 -> 
  custom:audio-decoder-ogg-vorbis: bf7c407c2cedff20999df2af8eb42d56 -> 
  custom:audio-encoder-webm-vorbis: bf7c407c2cedff20999df2af8eb42d56 -> 
========================================================================
Received Import Request.
  path: Assets/characters/goblin/materiais/phong1.mat
  artifactKey: Guid(9bf2a0438a59a4a4591248d789cd0f62) Importer(815301076,1909f56bfc062723c751e8b465ee728b)
Start importing Assets/characters/goblin/materiais/phong1.mat using Guid(9bf2a0438a59a4a4591248d789cd0f62) Importer(815301076,1909f56bfc062723c751e8b465ee728b)  -> (artifact id: 'd895b1c2c42feb420806d44b1776cc88') in 0.111002 seconds 
  Import took 0.113462 seconds .

========================================================================
Received Import Request.
  Time since last request: 18.029670 seconds.
  path: Assets/characters/goblin/goblin_d_shareyko.fbx
  artifactKey: Guid(fe5c51279bfdb5d4fa2a1a9594aacd72) Importer(815301076,1909f56bfc062723c751e8b465ee728b)
Start importing Assets/characters/goblin/goblin_d_shareyko.fbx using Guid(fe5c51279bfdb5d4fa2a1a9594aacd72) Importer(815301076,1909f56bfc062723c751e8b465ee728b)  -> (artifact id: '61666ed5c40e0dcb39e54d1458ce9cd6') in 0.103298 seconds 
  Import took 0.106551 seconds .

========================================================================
Received Import Request.
  Time since last request: 0.000157 seconds.
  path: Assets/characters/goblin/goblin_d_shareyko@Drunk Idle Variation.fbx
  artifactKey: Guid(497bf8110646c1f4e9dd9894f3edd780) Importer(815301076,1909f56bfc062723c751e8b465ee728b)
Start importing Assets/characters/goblin/goblin_d_shareyko@Drunk Idle Variation.fbx using Guid(497bf8110646c1f4e9dd9894f3edd780) Importer(815301076,1909f56bfc062723c751e8b465ee728b)  -> (artifact id: '22c48b2f252470df4d15a843a53cf7b5') in 0.008609 seconds 
  Import took 0.010964 seconds .

========================================================================
Received Import Request.
  Time since last request: 19.976911 seconds.
  path: Assets/characters/goblin/goblin_d_shareyko@Drunk Idle Variation.fbx
  artifactKey: Guid(497bf8110646c1f4e9dd9894f3edd780) Importer(815301076,1909f56bfc062723c751e8b465ee728b)
Start importing Assets/characters/goblin/goblin_d_shareyko@Drunk Idle Variation.fbx using Guid(497bf8110646c1f4e9dd9894f3edd780) Importer(815301076,1909f56bfc062723c751e8b465ee728b)  -> (artifact id: 'f7c2e97a02ac56d805d70161db3c62e1') in 0.006028 seconds 
  Import took 0.009808 seconds .

========================================================================
Received Import Request.
  Time since last request: 11.137385 seconds.
  path: Assets/characters/goblin/goblin_d_shareyko@Drunk Idle Variation.fbx
  artifactKey: Guid(497bf8110646c1f4e9dd9894f3edd780) Importer(815301076,1909f56bfc062723c751e8b465ee728b)
Start importing Assets/characters/goblin/goblin_d_shareyko@Drunk Idle Variation.fbx using Guid(497bf8110646c1f4e9dd9894f3edd780) Importer(815301076,1909f56bfc062723c751e8b465ee728b)  -> (artifact id: 'bcbf393fcb71fa82b005938d90b71f79') in 0.005607 seconds 
  Import took 0.008479 seconds .

========================================================================
Received Import Request.
  Time since last request: 195.020903 seconds.
  path: Assets/characters/goblin/goblin_d_shareyko.fbx
  artifactKey: Guid(fe5c51279bfdb5d4fa2a1a9594aacd72) Importer(815301076,1909f56bfc062723c751e8b465ee728b)
Start importing Assets/characters/goblin/goblin_d_shareyko.fbx using Guid(fe5c51279bfdb5d4fa2a1a9594aacd72) Importer(815301076,1909f56bfc062723c751e8b465ee728b)  -> (artifact id: '7ea666d8b9c7f1779e341e8ecbd9fa8e') in 0.054333 seconds 
  Import took 0.058116 seconds .

========================================================================
Received Import Request.
  Time since last request: 0.000145 seconds.
  path: Assets/characters/goblin/goblin_d_shareyko@Walking.fbx
  artifactKey: Guid(2d6001550b7412c429836291327b2fb1) Importer(815301076,1909f56bfc062723c751e8b465ee728b)
Start importing Assets/characters/goblin/goblin_d_shareyko@Walking.fbx using Guid(2d6001550b7412c429836291327b2fb1) Importer(815301076,1909f56bfc062723c751e8b465ee728b)  -> (artifact id: '880543fdb4cc413e50221dfb76e0c858') in 0.008247 seconds 
  Import took 0.010973 seconds .

========================================================================
Received Import Request.
  Time since last request: 44.028648 seconds.
  path: Assets/characters/goblin/goblin_d_shareyko@Walking.fbx
  artifactKey: Guid(2d6001550b7412c429836291327b2fb1) Importer(815301076,1909f56bfc062723c751e8b465ee728b)
Start importing Assets/characters/goblin/goblin_d_shareyko@Walking.fbx using Guid(2d6001550b7412c429836291327b2fb1) Importer(815301076,1909f56bfc062723c751e8b465ee728b)  -> (artifact id: '4c7a10e5342b862fe864dd755887b5a3') in 0.006088 seconds 
  Import took 0.009753 seconds .

========================================================================
Received Import Request.
  Time since last request: 14.462895 seconds.
  path: Assets/characters/goblin/goblin_d_shareyko@Walking.fbx
  artifactKey: Guid(2d6001550b7412c429836291327b2fb1) Importer(815301076,1909f56bfc062723c751e8b465ee728b)
Start importing Assets/characters/goblin/goblin_d_shareyko@Walking.fbx using Guid(2d6001550b7412c429836291327b2fb1) Importer(815301076,1909f56bfc062723c751e8b465ee728b)  -> (artifact id: '47e05e805c1ee90a4e197606105f0dc2') in 0.004858 seconds 
  Import took 0.007544 seconds .

========================================================================
Received Import Request.
  Time since last request: 254.941868 seconds.
  path: Assets/MedievalCastlePackLite
  artifactKey: Guid(54a909dd31a70d24e9503a7cb50f2da8) Importer(815301076,1909f56bfc062723c751e8b465ee728b)
Start importing Assets/MedievalCastlePackLite using Guid(54a909dd31a70d24e9503a7cb50f2da8) Importer(815301076,1909f56bfc062723c751e8b465ee728b)  -> (artifact id: '272dae5923045ddb3b98781bfad63797') in 0.018258 seconds 
  Import took 0.021555 seconds .

========================================================================
Received Import Request.
  Time since last request: 1.154327 seconds.
  path: Assets/MedievalCastlePackLite/TsunoaGames
  artifactKey: Guid(54c5bf41fe5adad4ba04721a2b120cee) Importer(815301076,1909f56bfc062723c751e8b465ee728b)
Start importing Assets/MedievalCastlePackLite/TsunoaGames using Guid(54c5bf41fe5adad4ba04721a2b120cee) Importer(815301076,1909f56bfc062723c751e8b465ee728b)  -> (artifact id: '0ed585406ac95efb1b9f47c65e837da0') in 0.017874 seconds 
  Import took 0.020686 seconds .

========================================================================
Received Import Request.
  Time since last request: 0.691682 seconds.
  path: Assets/MedievalCastlePackLite/TsunoaGames/MedievalCastlePack
  artifactKey: Guid(a1c329d6f90d9d44ca3052bbe63ddf76) Importer(815301076,1909f56bfc062723c751e8b465ee728b)
Start importing Assets/MedievalCastlePackLite/TsunoaGames/MedievalCastlePack using Guid(a1c329d6f90d9d44ca3052bbe63ddf76) Importer(815301076,1909f56bfc062723c751e8b465ee728b)  -> (artifact id: 'c9ae2d31a3e32d89ab84d0779cb1bcfc') in 0.006831 seconds 
  Import took 0.010004 seconds .

========================================================================
Received Import Request.
  Time since last request: 5.662719 seconds.
  path: Assets/MedievalCastlePackLite/TsunoaGames/MedievalCastlePack/Towers
  artifactKey: Guid(dd8885dba953d86438c74e26d910ceba) Importer(815301076,1909f56bfc062723c751e8b465ee728b)
Start importing Assets/MedievalCastlePackLite/TsunoaGames/MedievalCastlePack/Towers using Guid(dd8885dba953d86438c74e26d910ceba) Importer(815301076,1909f56bfc062723c751e8b465ee728b)  -> (artifact id: 'fdebda648c20fe355b9e424d23fbe368') in 0.017232 seconds 
  Import took 0.020267 seconds .

========================================================================
Received Import Request.
  Time since last request: 2.250565 seconds.
  path: Assets/MedievalCastlePackLite/TsunoaGames/MedievalCastlePack/Scenes
  artifactKey: Guid(f4e42da93a5a109458f1dd6510a3a739) Importer(815301076,1909f56bfc062723c751e8b465ee728b)
Start importing Assets/MedievalCastlePackLite/TsunoaGames/MedievalCastlePack/Scenes using Guid(f4e42da93a5a109458f1dd6510a3a739) Importer(815301076,1909f56bfc062723c751e8b465ee728b)  -> (artifact id: 'e3dc6b74990cca6b26f8201c96f7b095') in 0.013552 seconds 
  Import took 0.016517 seconds .

========================================================================
Received Import Request.
  Time since last request: 7.206823 seconds.
  path: Assets/MedievalCastlePackLite/TsunoaGames/MedievalCastlePack/Scenes/demo.unity
  artifactKey: Guid(919d9e06ba283bd4297e2b405e0cb2f9) Importer(815301076,1909f56bfc062723c751e8b465ee728b)
Start importing Assets/MedievalCastlePackLite/TsunoaGames/MedievalCastlePack/Scenes/demo.unity using Guid(919d9e06ba283bd4297e2b405e0cb2f9) Importer(815301076,1909f56bfc062723c751e8b465ee728b)  -> (artifact id: '4b795f6c534b842654764af628d44817') in 0.017839 seconds 
  Import took 0.020262 seconds .

========================================================================
Received Import Request.
  Time since last request: 62.775340 seconds.
  path: Assets/prefabs
  artifactKey: Guid(72f270f4abc3da5499797e40584bb35f) Importer(815301076,1909f56bfc062723c751e8b465ee728b)
Start importing Assets/prefabs using Guid(72f270f4abc3da5499797e40584bb35f) Importer(815301076,1909f56bfc062723c751e8b465ee728b)  -> (artifact id: '6512863bc5181488a566c44bea05cefb') in 0.008274 seconds 
  Import took 0.011240 seconds .

========================================================================
Received Import Request.
  Time since last request: 69.281649 seconds.
  path: Assets/prefabs/castle.prefab
  artifactKey: Guid(f17103a74f399364487f0b14b7382d7b) Importer(815301076,1909f56bfc062723c751e8b465ee728b)
Start importing Assets/prefabs/castle.prefab using Guid(f17103a74f399364487f0b14b7382d7b) Importer(815301076,1909f56bfc062723c751e8b465ee728b)  -> (artifact id: '804155e05b193254d58804413009c991') in 0.030490 seconds 
  Import took 0.033613 seconds .

AssetImportWorkerClient::OnTransportError - code=2 error=End of file
